<?xml version="1.0" encoding="UTF-8"?>
<testng-results skipped="0" failed="1" ignored="0" total="1" passed="0">
  <reporter-output>
  </reporter-output>
  <suite name="loan_department" duration-ms="95" started-at="2024-04-04T04:21:18Z" finished-at="2024-04-04T04:21:18Z">
    <groups>
    </groups>
    <test name="Personal_loan" duration-ms="95" started-at="2024-04-04T04:21:18Z" finished-at="2024-04-04T04:21:18Z">
      <class name="org.bank.BankTest">
        <test-method status="FAIL" signature="testingFirefox()[pri:0, instance:org.bank.BankTest@b97c004]" name="testingFirefox" duration-ms="38" started-at="2024-04-04T04:21:18Z" finished-at="2024-04-04T04:21:18Z">
          <exception class="java.lang.NoClassDefFoundError">
            <message>
              <![CDATA[org/apache/poi/util/POILogFactory]]>
            </message>
            <full-stacktrace>
              <![CDATA[java.lang.NoClassDefFoundError: org/apache/poi/util/POILogFactory
at org.apache.poi.POIXMLDocumentPart.<clinit>(POIXMLDocumentPart.java:49)
at Core.ReadDataFromExcel.ReadData(ReadDataFromExcel.java:20)
at org.bank.BankTest.testingFirefox(BankTest.java:36)
at sun.reflect.NativeMethodAccessorImpl.invoke0(Native Method)
at sun.reflect.NativeMethodAccessorImpl.invoke(NativeMethodAccessorImpl.java:62)
at sun.reflect.DelegatingMethodAccessorImpl.invoke(DelegatingMethodAccessorImpl.java:43)
at java.lang.reflect.Method.invoke(Method.java:498)
at org.testng.internal.MethodInvocationHelper.invokeMethod(MethodInvocationHelper.java:124)
at org.testng.internal.Invoker.invokeMethod(Invoker.java:583)
at org.testng.internal.Invoker.invokeTestMethod(Invoker.java:719)
at org.testng.internal.Invoker.invokeTestMethods(Invoker.java:989)
at org.testng.internal.TestMethodWorker.invokeTestMethods(TestMethodWorker.java:125)
at org.testng.internal.TestMethodWorker.run(TestMethodWorker.java:109)
at java.util.concurrent.ThreadPoolExecutor.runWorker(ThreadPoolExecutor.java:1149)
at java.util.concurrent.ThreadPoolExecutor$Worker.run(ThreadPoolExecutor.java:624)
at java.lang.Thread.run(Thread.java:748)
Caused by: java.lang.ClassNotFoundException: org.apache.poi.util.POILogFactory
at java.net.URLClassLoader.findClass(URLClassLoader.java:382)
at java.lang.ClassLoader.loadClass(ClassLoader.java:424)
at sun.misc.Launcher$AppClassLoader.loadClass(Launcher.java:349)
at java.lang.ClassLoader.loadClass(ClassLoader.java:357)
... 16 more
]]>
            </full-stacktrace>
          </exception> <!-- java.lang.NoClassDefFoundError -->
          <reporter-output>
          </reporter-output>
        </test-method> <!-- testingFirefox -->
      </class> <!-- org.bank.BankTest -->
    </test> <!-- Personal_loan -->
  </suite> <!-- loan_department -->
</testng-results>
